"2024-05-15 01:33:45,849 INFO  [restartedMain] com.project.warmyhomes.WarmyHomesApplication:Starting WarmyHomesApplication using Java 11.0.13 on muhammeddibek with PID 14392 (C:\Full Stack Java Course\WarmyHomes\backend\warmy-homes\target\classes started by eren_ in C:\Full Stack Java Course\WarmyHomes\backend\warmy-homes)
""2024-05-15 01:33:45,861 INFO  [restartedMain] com.project.warmyhomes.WarmyHomesApplication:No active profile set, falling back to 1 default profile: "default"
""2024-05-15 01:33:45,972 INFO  [restartedMain] org.springframework.boot.devtools.env.DevToolsPropertyDefaultsPostProcessor:Devtools property defaults active! Set 'spring.devtools.add-properties' to 'false' to disable
""2024-05-15 01:33:45,973 INFO  [restartedMain] org.springframework.boot.devtools.env.DevToolsPropertyDefaultsPostProcessor:For additional web related logging consider setting the 'logging.level.web' property to 'DEBUG'
""2024-05-15 01:33:47,044 INFO  [restartedMain] org.springframework.data.repository.config.RepositoryConfigurationDelegate:Bootstrapping Spring Data JPA repositories in DEFAULT mode.
""2024-05-15 01:33:47,070 INFO  [restartedMain] org.springframework.data.repository.config.RepositoryConfigurationDelegate:Finished Spring Data repository scanning in 18 ms. Found 0 JPA repository interfaces.
""2024-05-15 01:33:48,316 INFO  [restartedMain] org.springframework.boot.web.embedded.tomcat.TomcatWebServer:Tomcat initialized with port(s): 8080 (http)
""2024-05-15 01:33:48,330 INFO  [restartedMain] org.apache.catalina.core.StandardService:Starting service [Tomcat]
""2024-05-15 01:33:48,330 INFO  [restartedMain] org.apache.catalina.core.StandardEngine:Starting Servlet engine: [Apache Tomcat/9.0.68]
""2024-05-15 01:33:48,501 INFO  [restartedMain] org.apache.catalina.core.ContainerBase.[Tomcat].[localhost].[/]:Initializing Spring embedded WebApplicationContext
""2024-05-15 01:33:48,502 INFO  [restartedMain] org.springframework.boot.web.servlet.context.ServletWebServerApplicationContext:Root WebApplicationContext: initialization completed in 2528 ms
""2024-05-15 01:33:48,705 INFO  [restartedMain] org.hibernate.jpa.internal.util.LogHelper:HHH000204: Processing PersistenceUnitInfo [name: default]
""2024-05-15 01:33:48,789 INFO  [restartedMain] org.hibernate.Version:HHH000412: Hibernate ORM core version 5.6.12.Final
""2024-05-15 01:33:49,026 INFO  [restartedMain] org.hibernate.annotations.common.Version:HCANN000001: Hibernate Commons Annotations {5.1.2.Final}
""2024-05-15 01:33:49,150 INFO  [restartedMain] com.zaxxer.hikari.HikariDataSource:HikariPool-1 - Starting...
""2024-05-15 01:33:49,303 INFO  [restartedMain] com.zaxxer.hikari.HikariDataSource:HikariPool-1 - Start completed.
""2024-05-15 01:33:49,324 INFO  [restartedMain] org.hibernate.dialect.Dialect:HHH000400: Using dialect: org.hibernate.dialect.PostgreSQL81Dialect
""2024-05-15 01:33:50,272 WARN  [restartedMain] org.hibernate.tool.schema.internal.ExceptionHandlerLoggedImpl:GenerationTarget encountered exception accepting command : Error executing DDL "
    create table adverts (
       id  bigserial not null,
        advert_type_id int4 not null,
        built_in Boolean default false not null,
        category_id int4 not null,
        city_id int4 not null,
        country_id int4 not null,
        create_at timestamp not null,
        desc varchar(300),
        district_id int4 not null,
        is_active Boolean default true not null,
        location varchar(255),
        price numeric(10, 2) not null,
        slug varchar(200) not null,
        status Integer default 0 not null,
        title varchar(150) not null,
        update_at timestamp,
        user_id int4 not null,
        view_count Integer default 0 not null,
        primary key (id)
    )" via JDBC Statement
"org.hibernate.tool.schema.spi.CommandAcceptanceException: Error executing DDL "
    create table adverts (
       id  bigserial not null,
        advert_type_id int4 not null,
        built_in Boolean default false not null,
        category_id int4 not null,
        city_id int4 not null,
        country_id int4 not null,
        create_at timestamp not null,
        desc varchar(300),
        district_id int4 not null,
        is_active Boolean default true not null,
        location varchar(255),
        price numeric(10, 2) not null,
        slug varchar(200) not null,
        status Integer default 0 not null,
        title varchar(150) not null,
        update_at timestamp,
        user_id int4 not null,
        view_count Integer default 0 not null,
        primary key (id)
    )" via JDBC Statement
	at org.hibernate.tool.schema.internal.exec.GenerationTargetToDatabase.accept(GenerationTargetToDatabase.java:67)
	at org.hibernate.tool.schema.internal.AbstractSchemaMigrator.applySqlString(AbstractSchemaMigrator.java:581)
	at org.hibernate.tool.schema.internal.AbstractSchemaMigrator.applySqlStrings(AbstractSchemaMigrator.java:526)
	at org.hibernate.tool.schema.internal.AbstractSchemaMigrator.createTable(AbstractSchemaMigrator.java:293)
	at org.hibernate.tool.schema.internal.GroupedSchemaMigratorImpl.performTablesMigration(GroupedSchemaMigratorImpl.java:74)
	at org.hibernate.tool.schema.internal.AbstractSchemaMigrator.performMigration(AbstractSchemaMigrator.java:220)
	at org.hibernate.tool.schema.internal.AbstractSchemaMigrator.doMigration(AbstractSchemaMigrator.java:123)
	at org.hibernate.tool.schema.spi.SchemaManagementToolCoordinator.performDatabaseAction(SchemaManagementToolCoordinator.java:196)
	at org.hibernate.tool.schema.spi.SchemaManagementToolCoordinator.process(SchemaManagementToolCoordinator.java:85)
	at org.hibernate.internal.SessionFactoryImpl.<init>(SessionFactoryImpl.java:335)
	at org.hibernate.boot.internal.SessionFactoryBuilderImpl.build(SessionFactoryBuilderImpl.java:471)
	at org.hibernate.jpa.boot.internal.EntityManagerFactoryBuilderImpl.build(EntityManagerFactoryBuilderImpl.java:1498)
	at org.springframework.orm.jpa.vendor.SpringHibernateJpaPersistenceProvider.createContainerEntityManagerFactory(SpringHibernateJpaPersistenceProvider.java:58)
	at org.springframework.orm.jpa.LocalContainerEntityManagerFactoryBean.createNativeEntityManagerFactory(LocalContainerEntityManagerFactoryBean.java:365)
	at org.springframework.orm.jpa.AbstractEntityManagerFactoryBean.buildNativeEntityManagerFactory(AbstractEntityManagerFactoryBean.java:409)
	at org.springframework.orm.jpa.AbstractEntityManagerFactoryBean.afterPropertiesSet(AbstractEntityManagerFactoryBean.java:396)
	at org.springframework.orm.jpa.LocalContainerEntityManagerFactoryBean.afterPropertiesSet(LocalContainerEntityManagerFactoryBean.java:341)
	at org.springframework.beans.factory.support.AbstractAutowireCapableBeanFactory.invokeInitMethods(AbstractAutowireCapableBeanFactory.java:1863)
	at org.springframework.beans.factory.support.AbstractAutowireCapableBeanFactory.initializeBean(AbstractAutowireCapableBeanFactory.java:1800)
	at org.springframework.beans.factory.support.AbstractAutowireCapableBeanFactory.doCreateBean(AbstractAutowireCapableBeanFactory.java:620)
	at org.springframework.beans.factory.support.AbstractAutowireCapableBeanFactory.createBean(AbstractAutowireCapableBeanFactory.java:542)
	at org.springframework.beans.factory.support.AbstractBeanFactory.lambda$doGetBean$0(AbstractBeanFactory.java:335)
	at org.springframework.beans.factory.support.DefaultSingletonBeanRegistry.getSingleton(DefaultSingletonBeanRegistry.java:234)
	at org.springframework.beans.factory.support.AbstractBeanFactory.doGetBean(AbstractBeanFactory.java:333)
	at org.springframework.beans.factory.support.AbstractBeanFactory.getBean(AbstractBeanFactory.java:208)
	at org.springframework.context.support.AbstractApplicationContext.getBean(AbstractApplicationContext.java:1154)
	at org.springframework.context.support.AbstractApplicationContext.finishBeanFactoryInitialization(AbstractApplicationContext.java:908)
	at org.springframework.context.support.AbstractApplicationContext.refresh(AbstractApplicationContext.java:583)
	at org.springframework.boot.web.servlet.context.ServletWebServerApplicationContext.refresh(ServletWebServerApplicationContext.java:147)
	at org.springframework.boot.SpringApplication.refresh(SpringApplication.java:734)
	at org.springframework.boot.SpringApplication.refreshContext(SpringApplication.java:408)
	at org.springframework.boot.SpringApplication.run(SpringApplication.java:308)
	at org.springframework.boot.SpringApplication.run(SpringApplication.java:1306)
	at org.springframework.boot.SpringApplication.run(SpringApplication.java:1295)
	at com.project.warmyhomes.WarmyHomesApplication.main(WarmyHomesApplication.java:12)
	at java.base/jdk.internal.reflect.NativeMethodAccessorImpl.invoke0(Native Method)
	at java.base/jdk.internal.reflect.NativeMethodAccessorImpl.invoke(NativeMethodAccessorImpl.java:62)
	at java.base/jdk.internal.reflect.DelegatingMethodAccessorImpl.invoke(DelegatingMethodAccessorImpl.java:43)
	at java.base/java.lang.reflect.Method.invoke(Method.java:566)
	at org.springframework.boot.devtools.restart.RestartLauncher.run(RestartLauncher.java:49)
Caused by: org.postgresql.util.PSQLException: ERROR: syntax error at or near "desc"
  Position: 302
	at org.postgresql.core.v3.QueryExecutorImpl.receiveErrorResponse(QueryExecutorImpl.java:2675)
	at org.postgresql.core.v3.QueryExecutorImpl.processResults(QueryExecutorImpl.java:2365)
	at org.postgresql.core.v3.QueryExecutorImpl.execute(QueryExecutorImpl.java:355)
	at org.postgresql.jdbc.PgStatement.executeInternal(PgStatement.java:490)
	at org.postgresql.jdbc.PgStatement.execute(PgStatement.java:408)
	at org.postgresql.jdbc.PgStatement.executeWithFlags(PgStatement.java:329)
	at org.postgresql.jdbc.PgStatement.executeCachedSql(PgStatement.java:315)
	at org.postgresql.jdbc.PgStatement.executeWithFlags(PgStatement.java:291)
	at org.postgresql.jdbc.PgStatement.execute(PgStatement.java:286)
	at com.zaxxer.hikari.pool.ProxyStatement.execute(ProxyStatement.java:94)
	at com.zaxxer.hikari.pool.HikariProxyStatement.execute(HikariProxyStatement.java)
	at org.hibernate.tool.schema.internal.exec.GenerationTargetToDatabase.accept(GenerationTargetToDatabase.java:54)
	... 39 common frames omitted
"2024-05-15 01:33:50,342 INFO  [restartedMain] org.hibernate.engine.transaction.jta.platform.internal.JtaPlatformInitiator:HHH000490: Using JtaPlatform implementation: [org.hibernate.engine.transaction.jta.platform.internal.NoJtaPlatform]
""2024-05-15 01:33:50,349 INFO  [restartedMain] org.springframework.orm.jpa.LocalContainerEntityManagerFactoryBean:Initialized JPA EntityManagerFactory for persistence unit 'default'
""2024-05-15 01:33:50,416 WARN  [restartedMain] org.springframework.boot.autoconfigure.security.servlet.UserDetailsServiceAutoConfiguration:

Using generated security password: 1d119bf1-93c9-4916-8b4c-947ae88d5571

This generated password is for development use only. Your security configuration must be updated before running your application in production.

""2024-05-15 01:33:50,655 INFO  [restartedMain] org.springframework.security.web.DefaultSecurityFilterChain:Will secure any request with [org.springframework.security.web.session.DisableEncodeUrlFilter@1443e882, org.springframework.security.web.context.request.async.WebAsyncManagerIntegrationFilter@405e09f0, org.springframework.security.web.context.SecurityContextPersistenceFilter@6043f21f, org.springframework.security.web.header.HeaderWriterFilter@3e7943f3, org.springframework.security.web.csrf.CsrfFilter@1be3f135, org.springframework.security.web.authentication.logout.LogoutFilter@4c91fe6a, org.springframework.security.web.authentication.UsernamePasswordAuthenticationFilter@46702042, org.springframework.security.web.authentication.ui.DefaultLoginPageGeneratingFilter@363a7b9, org.springframework.security.web.authentication.ui.DefaultLogoutPageGeneratingFilter@ea1992f, org.springframework.security.web.authentication.www.BasicAuthenticationFilter@299faad0, org.springframework.security.web.savedrequest.RequestCacheAwareFilter@5d6be501, org.springframework.security.web.servletapi.SecurityContextHolderAwareRequestFilter@7c6d70a8, org.springframework.security.web.authentication.AnonymousAuthenticationFilter@4c6d0704, org.springframework.security.web.session.SessionManagementFilter@7b00d9c7, org.springframework.security.web.access.ExceptionTranslationFilter@246fde79, org.springframework.security.web.access.intercept.FilterSecurityInterceptor@6c7486fa]
""2024-05-15 01:33:51,949 INFO  [restartedMain] org.springframework.boot.devtools.autoconfigure.OptionalLiveReloadServer:LiveReload server is running on port 35729
""2024-05-15 01:33:51,999 INFO  [restartedMain] org.springframework.boot.web.embedded.tomcat.TomcatWebServer:Tomcat started on port(s): 8080 (http) with context path ''
""2024-05-15 01:33:52,017 INFO  [restartedMain] com.project.warmyhomes.WarmyHomesApplication:Started WarmyHomesApplication in 6.973 seconds (JVM running for 7.935)
""2024-05-15 01:34:44,488 INFO  [SpringApplicationShutdownHook] org.springframework.orm.jpa.LocalContainerEntityManagerFactoryBean:Closing JPA EntityManagerFactory for persistence unit 'default'
""2024-05-15 01:34:44,492 INFO  [SpringApplicationShutdownHook] com.zaxxer.hikari.HikariDataSource:HikariPool-1 - Shutdown initiated...
""2024-05-15 01:34:44,505 INFO  [SpringApplicationShutdownHook] com.zaxxer.hikari.HikariDataSource:HikariPool-1 - Shutdown completed.
""2024-05-15 01:34:50,178 INFO  [restartedMain] com.project.warmyhomes.WarmyHomesApplication:Starting WarmyHomesApplication using Java 11.0.13 on muhammeddibek with PID 16156 (C:\Full Stack Java Course\WarmyHomes\backend\warmy-homes\target\classes started by eren_ in C:\Full Stack Java Course\WarmyHomes\backend\warmy-homes)
""2024-05-15 01:34:50,180 INFO  [restartedMain] com.project.warmyhomes.WarmyHomesApplication:No active profile set, falling back to 1 default profile: "default"
""2024-05-15 01:34:50,238 INFO  [restartedMain] org.springframework.boot.devtools.env.DevToolsPropertyDefaultsPostProcessor:Devtools property defaults active! Set 'spring.devtools.add-properties' to 'false' to disable
""2024-05-15 01:34:50,238 INFO  [restartedMain] org.springframework.boot.devtools.env.DevToolsPropertyDefaultsPostProcessor:For additional web related logging consider setting the 'logging.level.web' property to 'DEBUG'
""2024-05-15 01:34:51,090 INFO  [restartedMain] org.springframework.data.repository.config.RepositoryConfigurationDelegate:Bootstrapping Spring Data JPA repositories in DEFAULT mode.
""2024-05-15 01:34:51,119 INFO  [restartedMain] org.springframework.data.repository.config.RepositoryConfigurationDelegate:Finished Spring Data repository scanning in 20 ms. Found 0 JPA repository interfaces.
""2024-05-15 01:34:52,007 INFO  [restartedMain] org.springframework.boot.web.embedded.tomcat.TomcatWebServer:Tomcat initialized with port(s): 8080 (http)
""2024-05-15 01:34:52,022 INFO  [restartedMain] org.apache.catalina.core.StandardService:Starting service [Tomcat]
""2024-05-15 01:34:52,022 INFO  [restartedMain] org.apache.catalina.core.StandardEngine:Starting Servlet engine: [Apache Tomcat/9.0.68]
""2024-05-15 01:34:52,148 INFO  [restartedMain] org.apache.catalina.core.ContainerBase.[Tomcat].[localhost].[/]:Initializing Spring embedded WebApplicationContext
""2024-05-15 01:34:52,149 INFO  [restartedMain] org.springframework.boot.web.servlet.context.ServletWebServerApplicationContext:Root WebApplicationContext: initialization completed in 1911 ms
""2024-05-15 01:34:52,350 INFO  [restartedMain] org.hibernate.jpa.internal.util.LogHelper:HHH000204: Processing PersistenceUnitInfo [name: default]
""2024-05-15 01:34:52,410 INFO  [restartedMain] org.hibernate.Version:HHH000412: Hibernate ORM core version 5.6.12.Final
""2024-05-15 01:34:52,581 INFO  [restartedMain] org.hibernate.annotations.common.Version:HCANN000001: Hibernate Commons Annotations {5.1.2.Final}
""2024-05-15 01:34:52,692 INFO  [restartedMain] com.zaxxer.hikari.HikariDataSource:HikariPool-1 - Starting...
""2024-05-15 01:34:52,828 INFO  [restartedMain] com.zaxxer.hikari.HikariDataSource:HikariPool-1 - Start completed.
""2024-05-15 01:34:52,844 INFO  [restartedMain] org.hibernate.dialect.Dialect:HHH000400: Using dialect: org.hibernate.dialect.PostgreSQL81Dialect
""2024-05-15 01:34:53,598 INFO  [restartedMain] org.hibernate.engine.transaction.jta.platform.internal.JtaPlatformInitiator:HHH000490: Using JtaPlatform implementation: [org.hibernate.engine.transaction.jta.platform.internal.NoJtaPlatform]
""2024-05-15 01:34:53,605 INFO  [restartedMain] org.springframework.orm.jpa.LocalContainerEntityManagerFactoryBean:Initialized JPA EntityManagerFactory for persistence unit 'default'
""2024-05-15 01:34:53,660 WARN  [restartedMain] org.springframework.boot.autoconfigure.security.servlet.UserDetailsServiceAutoConfiguration:

Using generated security password: 3fd26f80-ba4b-4fb4-8d2a-811467d6d260

This generated password is for development use only. Your security configuration must be updated before running your application in production.

""2024-05-15 01:34:53,792 INFO  [restartedMain] org.springframework.security.web.DefaultSecurityFilterChain:Will secure any request with [org.springframework.security.web.session.DisableEncodeUrlFilter@1892129, org.springframework.security.web.context.request.async.WebAsyncManagerIntegrationFilter@69959c02, org.springframework.security.web.context.SecurityContextPersistenceFilter@37a1de0b, org.springframework.security.web.header.HeaderWriterFilter@2396ecb7, org.springframework.security.web.csrf.CsrfFilter@bea0ec8, org.springframework.security.web.authentication.logout.LogoutFilter@11e6aebe, org.springframework.security.web.authentication.UsernamePasswordAuthenticationFilter@21ef1510, org.springframework.security.web.authentication.ui.DefaultLoginPageGeneratingFilter@61ad53d6, org.springframework.security.web.authentication.ui.DefaultLogoutPageGeneratingFilter@2f9327e1, org.springframework.security.web.authentication.www.BasicAuthenticationFilter@1afe4143, org.springframework.security.web.savedrequest.RequestCacheAwareFilter@2d68fcfb, org.springframework.security.web.servletapi.SecurityContextHolderAwareRequestFilter@51056b24, org.springframework.security.web.authentication.AnonymousAuthenticationFilter@a2f3c7f, org.springframework.security.web.session.SessionManagementFilter@4796b62, org.springframework.security.web.access.ExceptionTranslationFilter@575f27c0, org.springframework.security.web.access.intercept.FilterSecurityInterceptor@74e301ec]
""2024-05-15 01:34:54,851 INFO  [restartedMain] org.springframework.boot.devtools.autoconfigure.OptionalLiveReloadServer:LiveReload server is running on port 35729
""2024-05-15 01:34:54,885 INFO  [restartedMain] org.springframework.boot.web.embedded.tomcat.TomcatWebServer:Tomcat started on port(s): 8080 (http) with context path ''
""2024-05-15 01:34:54,896 INFO  [restartedMain] com.project.warmyhomes.WarmyHomesApplication:Started WarmyHomesApplication in 5.24 seconds (JVM running for 5.884)
""2024-05-15 01:35:11,788 INFO  [SpringApplicationShutdownHook] org.springframework.orm.jpa.LocalContainerEntityManagerFactoryBean:Closing JPA EntityManagerFactory for persistence unit 'default'
""2024-05-15 01:35:11,792 INFO  [SpringApplicationShutdownHook] com.zaxxer.hikari.HikariDataSource:HikariPool-1 - Shutdown initiated...
""2024-05-15 01:35:11,803 INFO  [SpringApplicationShutdownHook] com.zaxxer.hikari.HikariDataSource:HikariPool-1 - Shutdown completed.
""2024-05-15 01:35:14,595 INFO  [restartedMain] com.project.warmyhomes.WarmyHomesApplication:Starting WarmyHomesApplication using Java 11.0.13 on muhammeddibek with PID 1176 (C:\Full Stack Java Course\WarmyHomes\backend\warmy-homes\target\classes started by eren_ in C:\Full Stack Java Course\WarmyHomes\backend\warmy-homes)
""2024-05-15 01:35:14,598 INFO  [restartedMain] com.project.warmyhomes.WarmyHomesApplication:No active profile set, falling back to 1 default profile: "default"
""2024-05-15 01:35:14,670 INFO  [restartedMain] org.springframework.boot.devtools.env.DevToolsPropertyDefaultsPostProcessor:Devtools property defaults active! Set 'spring.devtools.add-properties' to 'false' to disable
""2024-05-15 01:35:14,670 INFO  [restartedMain] org.springframework.boot.devtools.env.DevToolsPropertyDefaultsPostProcessor:For additional web related logging consider setting the 'logging.level.web' property to 'DEBUG'
""2024-05-15 01:35:15,564 INFO  [restartedMain] org.springframework.data.repository.config.RepositoryConfigurationDelegate:Bootstrapping Spring Data JPA repositories in DEFAULT mode.
""2024-05-15 01:35:15,592 INFO  [restartedMain] org.springframework.data.repository.config.RepositoryConfigurationDelegate:Finished Spring Data repository scanning in 20 ms. Found 0 JPA repository interfaces.
""2024-05-15 01:35:16,495 INFO  [restartedMain] org.springframework.boot.web.embedded.tomcat.TomcatWebServer:Tomcat initialized with port(s): 8080 (http)
""2024-05-15 01:35:16,506 INFO  [restartedMain] org.apache.catalina.core.StandardService:Starting service [Tomcat]
""2024-05-15 01:35:16,507 INFO  [restartedMain] org.apache.catalina.core.StandardEngine:Starting Servlet engine: [Apache Tomcat/9.0.68]
""2024-05-15 01:35:16,613 INFO  [restartedMain] org.apache.catalina.core.ContainerBase.[Tomcat].[localhost].[/]:Initializing Spring embedded WebApplicationContext
""2024-05-15 01:35:16,614 INFO  [restartedMain] org.springframework.boot.web.servlet.context.ServletWebServerApplicationContext:Root WebApplicationContext: initialization completed in 1943 ms
""2024-05-15 01:35:16,794 INFO  [restartedMain] org.hibernate.jpa.internal.util.LogHelper:HHH000204: Processing PersistenceUnitInfo [name: default]
""2024-05-15 01:35:16,848 INFO  [restartedMain] org.hibernate.Version:HHH000412: Hibernate ORM core version 5.6.12.Final
""2024-05-15 01:35:17,001 INFO  [restartedMain] org.hibernate.annotations.common.Version:HCANN000001: Hibernate Commons Annotations {5.1.2.Final}
""2024-05-15 01:35:17,102 INFO  [restartedMain] com.zaxxer.hikari.HikariDataSource:HikariPool-1 - Starting...
""2024-05-15 01:35:17,238 INFO  [restartedMain] com.zaxxer.hikari.HikariDataSource:HikariPool-1 - Start completed.
""2024-05-15 01:35:17,256 INFO  [restartedMain] org.hibernate.dialect.Dialect:HHH000400: Using dialect: org.hibernate.dialect.PostgreSQL81Dialect
""2024-05-15 01:35:18,044 INFO  [restartedMain] org.hibernate.engine.transaction.jta.platform.internal.JtaPlatformInitiator:HHH000490: Using JtaPlatform implementation: [org.hibernate.engine.transaction.jta.platform.internal.NoJtaPlatform]
""2024-05-15 01:35:18,052 INFO  [restartedMain] org.springframework.orm.jpa.LocalContainerEntityManagerFactoryBean:Initialized JPA EntityManagerFactory for persistence unit 'default'
""2024-05-15 01:35:18,116 WARN  [restartedMain] org.springframework.boot.autoconfigure.security.servlet.UserDetailsServiceAutoConfiguration:

Using generated security password: bd0565b3-0b84-4856-b0db-274a9703f868

This generated password is for development use only. Your security configuration must be updated before running your application in production.

""2024-05-15 01:35:18,246 INFO  [restartedMain] org.springframework.security.web.DefaultSecurityFilterChain:Will secure any request with [org.springframework.security.web.session.DisableEncodeUrlFilter@4d4cfb68, org.springframework.security.web.context.request.async.WebAsyncManagerIntegrationFilter@65ea047a, org.springframework.security.web.context.SecurityContextPersistenceFilter@7647d643, org.springframework.security.web.header.HeaderWriterFilter@321807c3, org.springframework.security.web.csrf.CsrfFilter@2df05cb4, org.springframework.security.web.authentication.logout.LogoutFilter@5064b9ba, org.springframework.security.web.authentication.UsernamePasswordAuthenticationFilter@92c065b, org.springframework.security.web.authentication.ui.DefaultLoginPageGeneratingFilter@6742f21, org.springframework.security.web.authentication.ui.DefaultLogoutPageGeneratingFilter@d7dde50, org.springframework.security.web.authentication.www.BasicAuthenticationFilter@6b8860c3, org.springframework.security.web.savedrequest.RequestCacheAwareFilter@2bcfb99b, org.springframework.security.web.servletapi.SecurityContextHolderAwareRequestFilter@43136625, org.springframework.security.web.authentication.AnonymousAuthenticationFilter@4743ef4b, org.springframework.security.web.session.SessionManagementFilter@49f5f724, org.springframework.security.web.access.ExceptionTranslationFilter@1f533bfb, org.springframework.security.web.access.intercept.FilterSecurityInterceptor@d562eb9]
""2024-05-15 01:35:19,354 INFO  [restartedMain] org.springframework.boot.devtools.autoconfigure.OptionalLiveReloadServer:LiveReload server is running on port 35729
""2024-05-15 01:35:19,395 INFO  [restartedMain] org.springframework.boot.web.embedded.tomcat.TomcatWebServer:Tomcat started on port(s): 8080 (http) with context path ''
""2024-05-15 01:35:19,408 INFO  [restartedMain] com.project.warmyhomes.WarmyHomesApplication:Started WarmyHomesApplication in 5.352 seconds (JVM running for 5.974)
""2024-05-15 01:39:44,724 INFO  [SpringApplicationShutdownHook] org.springframework.orm.jpa.LocalContainerEntityManagerFactoryBean:Closing JPA EntityManagerFactory for persistence unit 'default'
""2024-05-15 01:39:44,729 INFO  [SpringApplicationShutdownHook] com.zaxxer.hikari.HikariDataSource:HikariPool-1 - Shutdown initiated...
""2024-05-15 01:39:44,748 INFO  [SpringApplicationShutdownHook] com.zaxxer.hikari.HikariDataSource:HikariPool-1 - Shutdown completed.
"